100.11.26 16:26 B C:\My Documents\Own Web Pages\Mole Valley new web site\Events_Diary.htm --> www.svogel.dircon.co.uk / Events_Diary.htm
100.11.26 16:26 B C:\My Documents\Own Web Pages\Mole Valley new web site\index.htm --> www.svogel.dircon.co.uk / index.htm
100.11.26 16:26 B C:\My Documents\Own Web Pages\Mole Valley new web site\Results Club Champs 12 Nov 2000.htm --> www.svogel.dircon.co.uk / Results Club Champs 12 Nov 2000.htm
100.12.03 19:02 B C:\My Documents\Own Web Pages\Mole Valley new web site\index.htm --> www.svogel.dircon.co.uk / index.htm
100.12.05 11:38 B C:\My Documents\Own Web Pages\Mole Valley new web site\index.htm --> www.svogel.dircon.co.uk / index.htm
100.12.07 08:34 B C:\My Documents\Own Web Pages\Mole Valley new web site\index.htm --> www.svogel.dircon.co.uk / index.htm
100.12.09 14:56 B C:\My Documents\Own Web Pages\Mole Valley new web site\index.htm --> www.svogel.dircon.co.uk / index.htm
100.12.17 17:59 B C:\My Documents\Own Web Pages\Mole Valley new web site\Events_Diary.htm --> www.svogel.dircon.co.uk / Events_Diary.htm
100.12.17 18:00 B C:\My Documents\Own Web Pages\Mole Valley new web site\index.htm --> www.svogel.dircon.co.uk / index.htm
100.12.17 18:00 B C:\My Documents\Own Web Pages\Mole Valley new web site\Results main page.htm --> www.svogel.dircon.co.uk / Results main page.htm
100.12.17 18:00 B C:\My Documents\Own Web Pages\Mole Valley new web site\Results South Ashdown 16 Dec 2000.htm --> www.svogel.dircon.co.uk / Results South Ashdown 16 Dec 2000.htm
100.12.17 18:00 B C:\My Documents\Own Web Pages\Mole Valley new web site\Results South Ashdown 17 Dec 2000.htm --> www.svogel.dircon.co.uk / Results South Ashdown 17 Dec 2000.htm
100.12.17 18:02 B C:\My Documents\Own Web Pages\Mole Valley new web site\index.htm --> www.svogel.dircon.co.uk / index.htm
100.12.17 18:04 B C:\My Documents\Own Web Pages\Mole Valley new web site\index.htm --> www.svogel.dircon.co.uk / index.htm
100.12.17 18:06 B C:\My Documents\Own Web Pages\Mole Valley new web site\Results South Ashdown 16 Dec 2000.htm --> www.svogel.dircon.co.uk / Results South Ashdown 16 Dec 2000.htm
100.12.17 18:06 B C:\My Documents\Own Web Pages\Mole Valley new web site\Results South Ashdown 17 Dec 2000.htm --> www.svogel.dircon.co.uk / Results South Ashdown 17 Dec 2000.htm
100.12.17 18:14 B C:\My Documents\Own Web Pages\Mole Valley new web site\Results South Ashdown 16 Dec 2000.htm --> www.svogel.dircon.co.uk / Results South Ashdown 16 Dec 2000.htm
100.12.17 18:14 B C:\My Documents\Own Web Pages\Mole Valley new web site\Results South Ashdown 17 Dec 2000.htm --> www.svogel.dircon.co.uk / Results South Ashdown 17 Dec 2000.htm
100.12.17 18:15 B C:\My Documents\Own Web Pages\Mole Valley new web site\Results South Ashdown 16 Dec 2000.htm --> www.svogel.dircon.co.uk / Results South Ashdown 16 Dec 2000.htm
100.12.17 18:15 B C:\My Documents\Own Web Pages\Mole Valley new web site\Results South Ashdown 17 Dec 2000.htm --> www.svogel.dircon.co.uk / Results South Ashdown 17 Dec 2000.htm
100.12.19 14:46 B C:\My Documents\Own Web Pages\Mole Valley new web site\index.htm --> www.svogel.dircon.co.uk / index.htm
100.12.19 14:46 B C:\My Documents\Own Web Pages\Mole Valley new web site\Results main page.htm --> www.svogel.dircon.co.uk / Results main page.htm
100.12.19 14:46 B C:\My Documents\Own Web Pages\Mole Valley new web site\Results South Ashdown 16 Dec 2000.htm --> www.svogel.dircon.co.uk / Results South Ashdown 16 Dec 2000.htm
100.12.19 14:46 B C:\My Documents\Own Web Pages\Mole Valley new web site\Results South Ashdown 17 Dec 2000.htm --> www.svogel.dircon.co.uk / Results South Ashdown 17 Dec 2000.htm
100.12.22 08:28 B C:\My Documents\Own Web Pages\Mole Valley new web site\index.htm --> www.svogel.dircon.co.uk / index.htm
100.12.22 09:20 B C:\My Documents\Own Web Pages\Mole Valley new web site\index.htm --> www.svogel.dircon.co.uk / index.htm
101.01.02 17:15 B C:\My Documents\Own Web Pages\Mole Valley new web site\index.htm --> www.svogel.dircon.co.uk / index.htm
101.01.04 09:57 B C:\My Documents\Own Web Pages\Mole Valley new web site\index.htm --> www.svogel.dircon.co.uk / index.htm
101.01.04 09:58 B C:\My Documents\Own Web Pages\Mole Valley new web site\index.htm --> www.svogel.dircon.co.uk /documents index.htm
101.01.04 09:59 B C:\My Documents\Own Web Pages\Mole Valley new web site\index.htm --> www.svogel.dircon.co.uk / index.htm
101.01.07 06:45 B C:\My Documents\Own Web Pages\Mole Valley new web site\index.htm --> www.svogel.dircon.co.uk / index.htm
101.01.09 08:23 B C:\My Documents\Own Web Pages\Mole Valley new web site\index.htm --> www.svogel.dircon.co.uk / index.htm
101.01.09 08:23 B C:\My Documents\Own Web Pages\Mole Valley new web site\Results main page.htm --> www.svogel.dircon.co.uk / Results main page.htm
101.01.09 08:23 B C:\My Documents\Own Web Pages\Mole Valley new web site\Results Ranmore Common 07 January 2001.htm --> www.svogel.dircon.co.uk / Results Ranmore Common 07 January 2001.htm
101.01.09 18:04 B C:\My Documents\Own Web Pages\Mole Valley new web site\Results Ranmore Common 07 January 2001.htm --> www.svogel.dircon.co.uk / Results Ranmore Common 07 January 2001.htm
101.01.12 19:33 B C:\My Documents\Own Web Pages\Mole Valley new web site\index.htm --> www.svogel.dircon.co.uk / index.htm
101.01.12 19:35 B C:\My Documents\Own Web Pages\Mole Valley new web site\Results Ranmore Common 07 January 2001.htm --> www.svogel.dircon.co.uk / Results Ranmore Common 07 January 2001.htm
101.01.13 08:01 B C:\My Documents\Own Web Pages\Mole Valley new web site\Results Ranmore Common 07 January 2001.htm --> www.svogel.dircon.co.uk / Results Ranmore Common 07 January 2001.htm
101.01.14 17:03 A C:\My Documents\Own Web Pages\Mole Valley new web site\index.htm --> www.svogel.dircon.co.uk / index.htm
101.01.14 17:03 A C:\My Documents\Own Web Pages\Mole Valley new web site\Results Ranmore Common 07 January 2001.htm --> www.svogel.dircon.co.uk / Results Ranmore Common 07 January 2001.htm
101.01.16 08:39 B C:\My Documents\Own Web Pages\Mole Valley new web site\index.htm --> www.svogel.dircon.co.uk / index.htm
101.02.02 07:59 B C:\My Documents\Own Web Pages\Mole Valley new web site\index.htm --> www.svogel.dircon.co.uk / index.htm
101.02.10 07:57 B C:\My Documents\Own Web Pages\Mole Valley new web site\index.htm --> www.svogel.dircon.co.uk / index.htm
101.02.10 08:09 B C:\My Documents\Own Web Pages\Mole Valley new web site\index.htm --> www.svogel.dircon.co.uk / index.htm
101.02.17 08:41 B C:\My Documents\Own Web Pages\Mole Valley new web site\index.htm --> www.svogel.dircon.co.uk / index.htm
101.02.17 11:59 B C:\My Documents\Own Web Pages\Mole Valley new web site\Events_Diary.htm --> www.svogel.dircon.co.uk / Events_Diary.htm
101.02.17 11:59 B C:\My Documents\Own Web Pages\Mole Valley new web site\index.htm --> www.svogel.dircon.co.uk / index.htm
101.02.17 11:59 B C:\My Documents\Own Web Pages\Mole Valley new web site\Join Mole Valley.htm --> www.svogel.dircon.co.uk / Join Mole Valley.htm
101.02.17 11:59 B C:\My Documents\Own Web Pages\Mole Valley new web site\news archive.htm --> www.svogel.dircon.co.uk / news archive.htm
101.02.17 11:59 B C:\My Documents\Own Web Pages\Mole Valley new web site\permanent_Orienteering_Courses.htm --> www.svogel.dircon.co.uk / permanent_Orienteering_Courses.htm
101.02.17 11:59 B C:\My Documents\Own Web Pages\Mole Valley new web site\Results Club Champs 12 Nov 2000.htm --> www.svogel.dircon.co.uk / Results Club Champs 12 Nov 2000.htm
101.02.17 11:59 B C:\My Documents\Own Web Pages\Mole Valley new web site\Results Club Picnic 20 Aug 2000.htm --> www.svogel.dircon.co.uk / Results Club Picnic 20 Aug 2000.htm
101.02.17 11:59 B C:\My Documents\Own Web Pages\Mole Valley new web site\Results Guildford Street O 18 Aug 2000.htm --> www.svogel.dircon.co.uk / Results Guildford Street O 18 Aug 2000.htm
101.02.17 11:59 B C:\My Documents\Own Web Pages\Mole Valley new web site\Results Horton Country Park 05 Sep 1999.htm --> www.svogel.dircon.co.uk / Results Horton Country Park 05 Sep 1999.htm
101.02.17 11:59 B C:\My Documents\Own Web Pages\Mole Valley new web site\Results main page.htm --> www.svogel.dircon.co.uk / Results main page.htm
101.02.17 11:59 B C:\My Documents\Own Web Pages\Mole Valley new web site\Results Norbury Park 02 Jan 2000.htm --> www.svogel.dircon.co.uk / Results Norbury Park 02 Jan 2000.htm
101.02.17 11:59 B C:\My Documents\Own Web Pages\Mole Valley new web site\Results Norbury Park 03 Sep 2000.htm --> www.svogel.dircon.co.uk / Results Norbury Park 03 Sep 2000.htm
101.02.17 11:59 B C:\My Documents\Own Web Pages\Mole Valley new web site\Results Norbury Park 18 April 1999.htm --> www.svogel.dircon.co.uk / Results Norbury Park 18 April 1999.htm
101.02.17 12:00 B C:\My Documents\Own Web Pages\Mole Valley new web site\Results Ranmore Common 07 January 2001.htm --> www.svogel.dircon.co.uk / Results Ranmore Common 07 January 2001.htm
101.02.17 12:00 B C:\My Documents\Own Web Pages\Mole Valley new web site\Results Ranmore Common 20 Dec 1998.htm --> www.svogel.dircon.co.uk / Results Ranmore Common 20 Dec 1998.htm
101.02.17 12:00 B C:\My Documents\Own Web Pages\Mole Valley new web site\Results Sheepleas introductory event 11 Nov 2000.htm --> www.svogel.dircon.co.uk / Results Sheepleas introductory event 11 Nov 2000.htm
101.02.17 12:00 B C:\My Documents\Own Web Pages\Mole Valley new web site\Results South Ashdown 16 Dec 2000.htm --> www.svogel.dircon.co.uk / Results South Ashdown 16 Dec 2000.htm
101.02.17 12:00 B C:\My Documents\Own Web Pages\Mole Valley new web site\Results South Ashdown 17 Dec 2000.htm --> www.svogel.dircon.co.uk / Results South Ashdown 17 Dec 2000.htm
101.02.17 12:00 B C:\My Documents\Own Web Pages\Mole Valley new web site\Results South Ashdown Badge Event 13 Feb 2000.htm --> www.svogel.dircon.co.uk / Results South Ashdown Badge Event 13 Feb 2000.htm
101.02.17 12:00 B C:\My Documents\Own Web Pages\Mole Valley new web site\Results White Downs Event 07 Feb 1999.htm --> www.svogel.dircon.co.uk / Results White Downs Event 07 Feb 1999.htm
101.02.17 12:19 B C:\My Documents\Own Web Pages\Mole Valley new web site\Events_Diary.htm --> www.svogel.dircon.co.uk / Events_Diary.htm
101.02.17 12:19 B C:\My Documents\Own Web Pages\Mole Valley new web site\index.htm --> www.svogel.dircon.co.uk / index.htm
101.02.17 12:19 B C:\My Documents\Own Web Pages\Mole Valley new web site\Join Mole Valley.htm --> www.svogel.dircon.co.uk / Join Mole Valley.htm
101.02.17 12:19 B C:\My Documents\Own Web Pages\Mole Valley new web site\permanent_Orienteering_Courses.htm --> www.svogel.dircon.co.uk / permanent_Orienteering_Courses.htm
101.02.17 12:19 B C:\My Documents\Own Web Pages\Mole Valley new web site\Results Club Champs 12 Nov 2000.htm --> www.svogel.dircon.co.uk / Results Club Champs 12 Nov 2000.htm
101.02.17 12:19 B C:\My Documents\Own Web Pages\Mole Valley new web site\Results Club Picnic 20 Aug 2000.htm --> www.svogel.dircon.co.uk / Results Club Picnic 20 Aug 2000.htm
101.02.17 12:19 B C:\My Documents\Own Web Pages\Mole Valley new web site\Results Guildford Street O 18 Aug 2000.htm --> www.svogel.dircon.co.uk / Results Guildford Street O 18 Aug 2000.htm
101.02.17 12:19 B C:\My Documents\Own Web Pages\Mole Valley new web site\Results Horton Country Park 05 Sep 1999.htm --> www.svogel.dircon.co.uk / Results Horton Country Park 05 Sep 1999.htm
101.02.17 12:19 B C:\My Documents\Own Web Pages\Mole Valley new web site\Results main page.htm --> www.svogel.dircon.co.uk / Results main page.htm
101.02.17 12:19 B C:\My Documents\Own Web Pages\Mole Valley new web site\Results Norbury Park 02 Jan 2000.htm --> www.svogel.dircon.co.uk / Results Norbury Park 02 Jan 2000.htm
101.02.17 12:19 B C:\My Documents\Own Web Pages\Mole Valley new web site\Results Norbury Park 03 Sep 2000.htm --> www.svogel.dircon.co.uk / Results Norbury Park 03 Sep 2000.htm
101.02.17 12:20 B C:\My Documents\Own Web Pages\Mole Valley new web site\Results Norbury Park 18 April 1999.htm --> www.svogel.dircon.co.uk / Results Norbury Park 18 April 1999.htm
101.02.17 12:20 B C:\My Documents\Own Web Pages\Mole Valley new web site\Results Ranmore Common 07 January 2001.htm --> www.svogel.dircon.co.uk / Results Ranmore Common 07 January 2001.htm
101.02.17 12:20 B C:\My Documents\Own Web Pages\Mole Valley new web site\Results Ranmore Common 20 Dec 1998.htm --> www.svogel.dircon.co.uk / Results Ranmore Common 20 Dec 1998.htm
101.02.17 12:20 B C:\My Documents\Own Web Pages\Mole Valley new web site\Results Sheepleas introductory event 11 Nov 2000.htm --> www.svogel.dircon.co.uk / Results Sheepleas introductory event 11 Nov 2000.htm
101.02.17 12:20 B C:\My Documents\Own Web Pages\Mole Valley new web site\Results South Ashdown 16 Dec 2000.htm --> www.svogel.dircon.co.uk / Results South Ashdown 16 Dec 2000.htm
101.02.17 12:20 B C:\My Documents\Own Web Pages\Mole Valley new web site\Results South Ashdown 17 Dec 2000.htm --> www.svogel.dircon.co.uk / Results South Ashdown 17 Dec 2000.htm
101.02.17 12:20 B C:\My Documents\Own Web Pages\Mole Valley new web site\Results South Ashdown Badge Event 13 Feb 2000.htm --> www.svogel.dircon.co.uk / Results South Ashdown Badge Event 13 Feb 2000.htm
101.02.17 12:20 B C:\My Documents\Own Web Pages\Mole Valley new web site\Results White Downs Event 07 Feb 1999.htm --> www.svogel.dircon.co.uk / Results White Downs Event 07 Feb 1999.htm
101.02.24 08:55 B C:\My Documents\Own Web Pages\Mole Valley new web site\index.htm --> www.svogel.dircon.co.uk / index.htm
101.02.26 07:54 B C:\My Documents\Own Web Pages\Mole Valley new web site\index.htm --> www.svogel.dircon.co.uk / index.htm
101.03.01 09:02 B C:\My Documents\Own Web Pages\Mole Valley new web site\index.htm --> www.svogel.dircon.co.uk / index.htm
101.03.03 10:54 B C:\My Documents\Own Web Pages\Mole Valley new web site\index.htm --> www.svogel.dircon.co.uk / index.htm
101.03.03 11:11 B C:\My Documents\Own Web Pages\Mole Valley new web site\Events_Diary.htm --> www.svogel.dircon.co.uk / Events_Diary.htm
101.03.03 11:11 B C:\My Documents\Own Web Pages\Mole Valley new web site\index.htm --> www.svogel.dircon.co.uk / index.htm
101.03.03 11:11 B C:\My Documents\Own Web Pages\Mole Valley new web site\Join Mole Valley.htm --> www.svogel.dircon.co.uk / Join Mole Valley.htm
101.03.03 11:11 B C:\My Documents\Own Web Pages\Mole Valley new web site\permanent_Orienteering_Courses.htm --> www.svogel.dircon.co.uk / permanent_Orienteering_Courses.htm
101.03.03 11:11 B C:\My Documents\Own Web Pages\Mole Valley new web site\Results Club Champs 12 Nov 2000.htm --> www.svogel.dircon.co.uk / Results Club Champs 12 Nov 2000.htm
101.03.03 11:11 B C:\My Documents\Own Web Pages\Mole Valley new web site\Results Club Picnic 20 Aug 2000.htm --> www.svogel.dircon.co.uk / Results Club Picnic 20 Aug 2000.htm
101.03.03 11:11 B C:\My Documents\Own Web Pages\Mole Valley new web site\Results Guildford Street O 18 Aug 2000.htm --> www.svogel.dircon.co.uk / Results Guildford Street O 18 Aug 2000.htm
101.03.03 11:11 B C:\My Documents\Own Web Pages\Mole Valley new web site\Results Horton Country Park 05 Sep 1999.htm --> www.svogel.dircon.co.uk / Results Horton Country Park 05 Sep 1999.htm
101.03.03 11:11 B C:\My Documents\Own Web Pages\Mole Valley new web site\Results main page.htm --> www.svogel.dircon.co.uk / Results main page.htm
101.03.03 11:11 B C:\My Documents\Own Web Pages\Mole Valley new web site\Results Norbury Park 02 Jan 2000.htm --> www.svogel.dircon.co.uk / Results Norbury Park 02 Jan 2000.htm
101.03.03 11:11 B C:\My Documents\Own Web Pages\Mole Valley new web site\Results Norbury Park 03 Sep 2000.htm --> www.svogel.dircon.co.uk / Results Norbury Park 03 Sep 2000.htm
101.03.03 11:11 B C:\My Documents\Own Web Pages\Mole Valley new web site\Results Norbury Park 18 April 1999.htm --> www.svogel.dircon.co.uk / Results Norbury Park 18 April 1999.htm
101.03.03 11:11 B C:\My Documents\Own Web Pages\Mole Valley new web site\Results Ranmore Common 07 January 2001.htm --> www.svogel.dircon.co.uk / Results Ranmore Common 07 January 2001.htm
101.03.03 11:11 B C:\My Documents\Own Web Pages\Mole Valley new web site\Results Ranmore Common 20 Dec 1998.htm --> www.svogel.dircon.co.uk / Results Ranmore Common 20 Dec 1998.htm
101.03.03 11:12 B C:\My Documents\Own Web Pages\Mole Valley new web site\Results Sheepleas introductory event 11 Nov 2000.htm --> www.svogel.dircon.co.uk / Results Sheepleas introductory event 11 Nov 2000.htm
101.03.03 11:12 B C:\My Documents\Own Web Pages\Mole Valley new web site\Results South Ashdown 16 Dec 2000.htm --> www.svogel.dircon.co.uk / Results South Ashdown 16 Dec 2000.htm
101.03.03 11:12 B C:\My Documents\Own Web Pages\Mole Valley new web site\Results South Ashdown 17 Dec 2000.htm --> www.svogel.dircon.co.uk / Results South Ashdown 17 Dec 2000.htm
101.03.03 11:12 B C:\My Documents\Own Web Pages\Mole Valley new web site\Results South Ashdown Badge Event 13 Feb 2000.htm --> www.svogel.dircon.co.uk / Results South Ashdown Badge Event 13 Feb 2000.htm
101.03.03 11:12 B C:\My Documents\Own Web Pages\Mole Valley new web site\Results White Downs Event 07 Feb 1999.htm --> www.svogel.dircon.co.uk / Results White Downs Event 07 Feb 1999.htm
101.03.03 11:13 B C:\My Documents\Own Web Pages\Mole Valley new web site\Events_Diary.htm --> www.svogel.dircon.co.uk / Events_Diary.htm
101.03.03 11:13 B C:\My Documents\Own Web Pages\Mole Valley new web site\index.htm --> www.svogel.dircon.co.uk / index.htm
101.03.03 11:13 B C:\My Documents\Own Web Pages\Mole Valley new web site\Join Mole Valley.htm --> www.svogel.dircon.co.uk / Join Mole Valley.htm
101.03.03 11:13 B C:\My Documents\Own Web Pages\Mole Valley new web site\permanent_Orienteering_Courses.htm --> www.svogel.dircon.co.uk / permanent_Orienteering_Courses.htm
101.03.03 11:13 B C:\My Documents\Own Web Pages\Mole Valley new web site\Results Club Champs 12 Nov 2000.htm --> www.svogel.dircon.co.uk / Results Club Champs 12 Nov 2000.htm
101.03.03 11:13 B C:\My Documents\Own Web Pages\Mole Valley new web site\Results Club Picnic 20 Aug 2000.htm --> www.svogel.dircon.co.uk / Results Club Picnic 20 Aug 2000.htm
101.03.03 11:13 B C:\My Documents\Own Web Pages\Mole Valley new web site\Results Guildford Street O 18 Aug 2000.htm --> www.svogel.dircon.co.uk / Results Guildford Street O 18 Aug 2000.htm
101.03.03 11:13 B C:\My Documents\Own Web Pages\Mole Valley new web site\Results Horton Country Park 05 Sep 1999.htm --> www.svogel.dircon.co.uk / Results Horton Country Park 05 Sep 1999.htm
101.03.03 11:13 B C:\My Documents\Own Web Pages\Mole Valley new web site\Results main page.htm --> www.svogel.dircon.co.uk / Results main page.htm
101.03.03 11:13 B C:\My Documents\Own Web Pages\Mole Valley new web site\Results Norbury Park 02 Jan 2000.htm --> www.svogel.dircon.co.uk / Results Norbury Park 02 Jan 2000.htm
101.03.03 11:13 B C:\My Documents\Own Web Pages\Mole Valley new web site\Results Norbury Park 03 Sep 2000.htm --> www.svogel.dircon.co.uk / Results Norbury Park 03 Sep 2000.htm
101.03.03 11:13 B C:\My Documents\Own Web Pages\Mole Valley new web site\Results Norbury Park 18 April 1999.htm --> www.svogel.dircon.co.uk / Results Norbury Park 18 April 1999.htm
101.03.03 11:13 B C:\My Documents\Own Web Pages\Mole Valley new web site\Results Ranmore Common 07 January 2001.htm --> www.svogel.dircon.co.uk / Results Ranmore Common 07 January 2001.htm
101.03.03 11:13 B C:\My Documents\Own Web Pages\Mole Valley new web site\Results Ranmore Common 20 Dec 1998.htm --> www.svogel.dircon.co.uk / Results Ranmore Common 20 Dec 1998.htm
101.03.03 11:13 B C:\My Documents\Own Web Pages\Mole Valley new web site\Results Sheepleas introductory event 11 Nov 2000.htm --> www.svogel.dircon.co.uk / Results Sheepleas introductory event 11 Nov 2000.htm
101.03.03 11:13 B C:\My Documents\Own Web Pages\Mole Valley new web site\Results South Ashdown 16 Dec 2000.htm --> www.svogel.dircon.co.uk / Results South Ashdown 16 Dec 2000.htm
101.03.03 11:14 B C:\My Documents\Own Web Pages\Mole Valley new web site\Results South Ashdown 17 Dec 2000.htm --> www.svogel.dircon.co.uk / Results South Ashdown 17 Dec 2000.htm
101.03.03 11:14 B C:\My Documents\Own Web Pages\Mole Valley new web site\Results South Ashdown Badge Event 13 Feb 2000.htm --> www.svogel.dircon.co.uk / Results South Ashdown Badge Event 13 Feb 2000.htm
101.03.03 11:14 B C:\My Documents\Own Web Pages\Mole Valley new web site\Results White Downs Event 07 Feb 1999.htm --> www.svogel.dircon.co.uk / Results White Downs Event 07 Feb 1999.htm
101.03.03 11:18 B C:\My Documents\Own Web Pages\Mole Valley new web site\index.htm --> www.svogel.dircon.co.uk / index.htm
101.03.06 07:18 B C:\My Documents\Own Web Pages\Mole Valley new web site\index.htm --> www.svogel.dircon.co.uk / index.htm
101.03.06 07:19 B C:\My Documents\Own Web Pages\Mole Valley new web site\index.htm --> www.svogel.dircon.co.uk / index.htm
101.03.11 18:02 B C:\My Documents\Own Web Pages\Mole Valley new web site\index.htm --> www.svogel.dircon.co.uk / index.htm
101.03.11 18:02 B C:\My Documents\Own Web Pages\Mole Valley new web site\Events_Diary.htm --> www.svogel.dircon.co.uk / Events_Diary.htm
101.03.24 08:53 B C:\My Documents\Own Web Pages\Mole Valley new web site\Results White Downs Event 07 Feb 1999.htm --> www.svogel.dircon.co.uk / Results White Downs Event 07 Feb 1999.htm
101.03.24 08:53 B C:\My Documents\Own Web Pages\Mole Valley new web site\Results South Ashdown Badge Event 13 Feb 2000.htm --> www.svogel.dircon.co.uk / Results South Ashdown Badge Event 13 Feb 2000.htm
101.03.24 08:53 B C:\My Documents\Own Web Pages\Mole Valley new web site\Results South Ashdown 17 Dec 2000.htm --> www.svogel.dircon.co.uk / Results South Ashdown 17 Dec 2000.htm
101.03.24 08:53 B C:\My Documents\Own Web Pages\Mole Valley new web site\Results South Ashdown 16 Dec 2000.htm --> www.svogel.dircon.co.uk / Results South Ashdown 16 Dec 2000.htm
101.03.24 08:53 B C:\My Documents\Own Web Pages\Mole Valley new web site\Results Sheepleas introductory event 11 Nov 2000.htm --> www.svogel.dircon.co.uk / Results Sheepleas introductory event 11 Nov 2000.htm
101.03.24 08:53 B C:\My Documents\Own Web Pages\Mole Valley new web site\Results Ranmore Common 20 Dec 1998.htm --> www.svogel.dircon.co.uk / Results Ranmore Common 20 Dec 1998.htm
101.03.24 08:53 B C:\My Documents\Own Web Pages\Mole Valley new web site\Results Ranmore Common 07 January 2001.htm --> www.svogel.dircon.co.uk / Results Ranmore Common 07 January 2001.htm
101.03.24 08:53 B C:\My Documents\Own Web Pages\Mole Valley new web site\Results Norbury Park 18 April 1999.htm --> www.svogel.dircon.co.uk / Results Norbury Park 18 April 1999.htm
101.03.24 08:54 B C:\My Documents\Own Web Pages\Mole Valley new web site\Results Norbury Park 03 Sep 2000.htm --> www.svogel.dircon.co.uk / Results Norbury Park 03 Sep 2000.htm
101.03.24 08:54 B C:\My Documents\Own Web Pages\Mole Valley new web site\Results Norbury Park 02 Jan 2000.htm --> www.svogel.dircon.co.uk / Results Norbury Park 02 Jan 2000.htm
101.03.24 08:54 B C:\My Documents\Own Web Pages\Mole Valley new web site\Results main page.htm --> www.svogel.dircon.co.uk / Results main page.htm
101.03.24 08:54 B C:\My Documents\Own Web Pages\Mole Valley new web site\Results Horton Country Park 05 Sep 1999.htm --> www.svogel.dircon.co.uk / Results Horton Country Park 05 Sep 1999.htm
101.03.24 08:54 B C:\My Documents\Own Web Pages\Mole Valley new web site\Results Guildford Street O 18 Aug 2000.htm --> www.svogel.dircon.co.uk / Results Guildford Street O 18 Aug 2000.htm
101.03.24 08:54 B C:\My Documents\Own Web Pages\Mole Valley new web site\Results Club Picnic 20 Aug 2000.htm --> www.svogel.dircon.co.uk / Results Club Picnic 20 Aug 2000.htm
101.03.24 08:54 B C:\My Documents\Own Web Pages\Mole Valley new web site\Results Club Champs 12 Nov 2000.htm --> www.svogel.dircon.co.uk / Results Club Champs 12 Nov 2000.htm
101.03.24 08:54 B C:\My Documents\Own Web Pages\Mole Valley new web site\permanent_Orienteering_Courses.htm --> www.svogel.dircon.co.uk / permanent_Orienteering_Courses.htm
101.03.24 08:54 B C:\My Documents\Own Web Pages\Mole Valley new web site\Join Mole Valley.htm --> www.svogel.dircon.co.uk / Join Mole Valley.htm
101.03.24 08:54 B C:\My Documents\Own Web Pages\Mole Valley new web site\index.htm --> www.svogel.dircon.co.uk / index.htm
101.03.24 08:54 B C:\My Documents\Own Web Pages\Mole Valley new web site\Events_Diary.htm --> www.svogel.dircon.co.uk / Events_Diary.htm
101.03.24 08:56 B C:\My Documents\Own Web Pages\Mole Valley new web site\index.htm --> www.svogel.dircon.co.uk / index.htm
101.03.24 08:56 B C:\My Documents\Own Web Pages\Mole Valley new web site\Results White Downs Event 07 Feb 1999.htm --> www.svogel.dircon.co.uk / Results White Downs Event 07 Feb 1999.htm
101.03.24 08:56 B C:\My Documents\Own Web Pages\Mole Valley new web site\Results South Ashdown Badge Event 13 Feb 2000.htm --> www.svogel.dircon.co.uk / Results South Ashdown Badge Event 13 Feb 2000.htm
101.03.24 08:56 B C:\My Documents\Own Web Pages\Mole Valley new web site\Results South Ashdown 17 Dec 2000.htm --> www.svogel.dircon.co.uk / Results South Ashdown 17 Dec 2000.htm
101.03.24 08:56 B C:\My Documents\Own Web Pages\Mole Valley new web site\Results South Ashdown 16 Dec 2000.htm --> www.svogel.dircon.co.uk / Results South Ashdown 16 Dec 2000.htm
101.03.24 08:57 B C:\My Documents\Own Web Pages\Mole Valley new web site\Results Sheepleas introductory event 11 Nov 2000.htm --> www.svogel.dircon.co.uk / Results Sheepleas introductory event 11 Nov 2000.htm
101.03.24 08:57 B C:\My Documents\Own Web Pages\Mole Valley new web site\Results Ranmore Common 07 January 2001.htm --> www.svogel.dircon.co.uk / Results Ranmore Common 07 January 2001.htm
101.03.24 08:57 B C:\My Documents\Own Web Pages\Mole Valley new web site\Results Norbury Park 03 Sep 2000.htm --> www.svogel.dircon.co.uk / Results Norbury Park 03 Sep 2000.htm
101.03.24 08:57 B C:\My Documents\Own Web Pages\Mole Valley new web site\Results Norbury Park 02 Jan 2000.htm --> www.svogel.dircon.co.uk / Results Norbury Park 02 Jan 2000.htm
101.03.24 08:57 B C:\My Documents\Own Web Pages\Mole Valley new web site\Results Horton Country Park 05 Sep 1999.htm --> www.svogel.dircon.co.uk / Results Horton Country Park 05 Sep 1999.htm
101.03.24 08:57 B C:\My Documents\Own Web Pages\Mole Valley new web site\Results Club Picnic 20 Aug 2000.htm --> www.svogel.dircon.co.uk / Results Club Picnic 20 Aug 2000.htm
101.03.24 08:57 B C:\My Documents\Own Web Pages\Mole Valley new web site\permanent_Orienteering_Courses.htm --> www.svogel.dircon.co.uk / permanent_Orienteering_Courses.htm
101.03.24 08:57 B C:\My Documents\Own Web Pages\Mole Valley new web site\index.htm --> www.svogel.dircon.co.uk / index.htm
101.03.24 08:58 B C:\My Documents\Own Web Pages\Mole Valley new web site\index.htm --> www.svogel.dircon.co.uk / index.htm
101.03.25 18:43 B C:\My Documents\Own Web Pages\Mole Valley new web site\index.htm --> www.svogel.dircon.co.uk / index.htm
101.03.31 17:33 B C:\My Documents\Own Web Pages\Mole Valley new web site\index.htm --> www.svogel.dircon.co.uk / index.htm
101.03.31 21:22 B C:\My Documents\Own Web Pages\Mole Valley new web site\Events_Diary.htm --> www.svogel.dircon.co.uk / Events_Diary.htm
101.03.31 21:22 B C:\My Documents\Own Web Pages\Mole Valley new web site\index.htm --> www.svogel.dircon.co.uk / index.htm
101.03.31 21:22 B C:\My Documents\Own Web Pages\Mole Valley new web site\Join Mole Valley.htm --> www.svogel.dircon.co.uk / Join Mole Valley.htm
101.03.31 21:23 B C:\My Documents\Own Web Pages\Mole Valley new web site\permanent_Orienteering_Courses.htm --> www.svogel.dircon.co.uk / permanent_Orienteering_Courses.htm
101.03.31 21:23 B C:\My Documents\Own Web Pages\Mole Valley new web site\Events_Diary.htm --> www.svogel.dircon.co.uk / Events_Diary.htm
101.03.31 21:23 B C:\My Documents\Own Web Pages\Mole Valley new web site\index.htm --> www.svogel.dircon.co.uk / index.htm
101.03.31 21:23 B C:\My Documents\Own Web Pages\Mole Valley new web site\Join Mole Valley.htm --> www.svogel.dircon.co.uk / Join Mole Valley.htm
101.03.31 21:23 B C:\My Documents\Own Web Pages\Mole Valley new web site\permanent_Orienteering_Courses.htm --> www.svogel.dircon.co.uk / permanent_Orienteering_Courses.htm
101.03.31 21:23 B C:\My Documents\Own Web Pages\Mole Valley new web site\Results main page.htm --> www.svogel.dircon.co.uk / Results main page.htm
101.04.07 08:05 B C:\My Documents\Own Web Pages\Mole Valley new web site\index.htm --> www.svogel.dircon.co.uk / index.htm
101.04.07 08:05 B C:\My Documents\Own Web Pages\Mole Valley new web site\Results North Epsom and Ewell street score 1 April 2001.htm --> www.svogel.dircon.co.uk / Results North Epsom and Ewell street score 1 April 2001.htm
101.04.07 08:05 B C:\My Documents\Own Web Pages\Mole Valley new web site\Results main page.htm --> www.svogel.dircon.co.uk / Results main page.htm
101.04.07 18:45 B C:\My Documents\Own Web Pages\Mole Valley new web site\Map_Sample_White_Downs.gif --> www.svogel.dircon.co.uk /images Map_Sample_White_Downs.gif
101.04.07 18:48 B C:\My Documents\Own Web Pages\Mole Valley new web site\Events_Diary.htm --> www.svogel.dircon.co.uk / Events_Diary.htm
101.04.07 18:48 B C:\My Documents\Own Web Pages\Mole Valley new web site\index.htm --> www.svogel.dircon.co.uk / index.htm
101.04.07 18:48 B C:\My Documents\Own Web Pages\Mole Valley new web site\Join Mole Valley.htm --> www.svogel.dircon.co.uk / Join Mole Valley.htm
101.04.07 18:48 B C:\My Documents\Own Web Pages\Mole Valley new web site\Mapping Pool.htm --> www.svogel.dircon.co.uk / Mapping Pool.htm
101.04.07 18:48 B C:\My Documents\Own Web Pages\Mole Valley new web site\Novice guide.htm --> www.svogel.dircon.co.uk / Novice guide.htm
101.04.07 18:48 B C:\My Documents\Own Web Pages\Mole Valley new web site\permanent_Orienteering_Courses.htm --> www.svogel.dircon.co.uk / permanent_Orienteering_Courses.htm
101.04.07 18:49 B C:\My Documents\Own Web Pages\Mole Valley new web site\Results Club Champs 12 Nov 2000.htm --> www.svogel.dircon.co.uk / Results Club Champs 12 Nov 2000.htm
101.04.07 18:49 B C:\My Documents\Own Web Pages\Mole Valley new web site\Results Club Picnic 20 Aug 2000.htm --> www.svogel.dircon.co.uk / Results Club Picnic 20 Aug 2000.htm
101.04.07 18:49 B C:\My Documents\Own Web Pages\Mole Valley new web site\Results Guildford Street O 18 Aug 2000.htm --> www.svogel.dircon.co.uk / Results Guildford Street O 18 Aug 2000.htm
101.04.07 18:49 B C:\My Documents\Own Web Pages\Mole Valley new web site\Results Horton Country Park 05 Sep 1999.htm --> www.svogel.dircon.co.uk / Results Horton Country Park 05 Sep 1999.htm
101.04.07 18:49 B C:\My Documents\Own Web Pages\Mole Valley new web site\Results main page.htm --> www.svogel.dircon.co.uk / Results main page.htm
101.04.07 18:49 B C:\My Documents\Own Web Pages\Mole Valley new web site\Results Norbury Park 02 Jan 2000.htm --> www.svogel.dircon.co.uk / Results Norbury Park 02 Jan 2000.htm
101.04.07 18:49 B C:\My Documents\Own Web Pages\Mole Valley new web site\Results Norbury Park 03 Sep 2000.htm --> www.svogel.dircon.co.uk / Results Norbury Park 03 Sep 2000.htm
101.04.07 18:49 B C:\My Documents\Own Web Pages\Mole Valley new web site\Results Norbury Park 18 April 1999.htm --> www.svogel.dircon.co.uk / Results Norbury Park 18 April 1999.htm
101.04.07 18:49 B C:\My Documents\Own Web Pages\Mole Valley new web site\Results North Epsom and Ewell street score 1 April 2001.htm --> www.svogel.dircon.co.uk / Results North Epsom and Ewell street score 1 April 2001.htm
101.04.07 18:49 B C:\My Documents\Own Web Pages\Mole Valley new web site\Results Ranmore Common 07 January 2001.htm --> www.svogel.dircon.co.uk / Results Ranmore Common 07 January 2001.htm
101.04.07 18:49 B C:\My Documents\Own Web Pages\Mole Valley new web site\Results Ranmore Common 20 Dec 1998.htm --> www.svogel.dircon.co.uk / Results Ranmore Common 20 Dec 1998.htm
101.04.07 18:49 B C:\My Documents\Own Web Pages\Mole Valley new web site\Results Sheepleas introductory event 11 Nov 2000.htm --> www.svogel.dircon.co.uk / Results Sheepleas introductory event 11 Nov 2000.htm
101.04.07 18:49 B C:\My Documents\Own Web Pages\Mole Valley new web site\Results South Ashdown 16 Dec 2000.htm --> www.svogel.dircon.co.uk / Results South Ashdown 16 Dec 2000.htm
101.04.07 18:49 B C:\My Documents\Own Web Pages\Mole Valley new web site\Results South Ashdown 17 Dec 2000.htm --> www.svogel.dircon.co.uk / Results South Ashdown 17 Dec 2000.htm
101.04.07 18:49 B C:\My Documents\Own Web Pages\Mole Valley new web site\Results South Ashdown Badge Event 13 Feb 2000.htm --> www.svogel.dircon.co.uk / Results South Ashdown Badge Event 13 Feb 2000.htm
101.04.07 18:50 B C:\My Documents\Own Web Pages\Mole Valley new web site\Results White Downs Event 07 Feb 1999.htm --> www.svogel.dircon.co.uk / Results White Downs Event 07 Feb 1999.htm
101.04.08 07:37 B C:\My Documents\Own Web Pages\Mole Valley new web site\Novice guide.htm --> www.svogel.dircon.co.uk / Novice guide.htm
101.04.10 07:29 B C:\My Documents\Own Web Pages\Mole Valley new web site\index.htm --> www.svogel.dircon.co.uk / index.htm
101.04.10 20:42 B C:\My Documents\Own Web Pages\Mole Valley new web site\Novice guide.htm --> www.svogel.dircon.co.uk / Novice guide.htm
101.04.10 20:43 B C:\My Documents\Own Web Pages\Mole Valley new web site\index.htm --> www.svogel.dircon.co.uk / index.htm
101.04.10 20:45 B C:\My Documents\Own Web Pages\Mole Valley new web site\index.htm --> www.svogel.dircon.co.uk / index.htm
101.04.10 20:47 B C:\My Documents\Own Web Pages\Mole Valley new web site\Novice guide.htm --> www.svogel.dircon.co.uk / Novice guide.htm
101.04.23 07:55 B C:\My Documents\Own Web Pages\Mole Valley new web site\index.htm --> www.svogel.dircon.co.uk / index.htm
101.04.23 07:55 B C:\My Documents\Own Web Pages\Mole Valley new web site\Results main page.htm --> www.svogel.dircon.co.uk / Results main page.htm
101.04.23 07:55 B C:\My Documents\Own Web Pages\Mole Valley new web site\Results North Epsom and Ewell street score 1 April 2001.htm --> www.svogel.dircon.co.uk / Results North Epsom and Ewell street score 1 April 2001.htm
101.04.23 07:55 B C:\My Documents\Own Web Pages\Mole Valley new web site\Results Redhill score 22 April 2001.htm --> www.svogel.dircon.co.uk / Results Redhill score 22 April 2001.htm
101.04.29 10:23 B C:\My Documents\Own Web Pages\Mole Valley new web site\index.htm --> www.svogel.dircon.co.uk / index.htm
101.04.29 10:23 B C:\My Documents\Own Web Pages\Mole Valley new web site\Mapping Pool.htm --> www.svogel.dircon.co.uk / Mapping Pool.htm
101.04.29 21:23 B C:\My Documents\Own Web Pages\Mole Valley new web site\index.htm --> www.svogel.dircon.co.uk / index.htm
101.04.29 21:24 B C:\My Documents\Own Web Pages\Mole Valley new web site\Results main page.htm --> www.svogel.dircon.co.uk / Results main page.htm
101.04.29 21:24 B C:\My Documents\Own Web Pages\Mole Valley new web site\Results Dorking street score 29 April 2001.htm --> www.svogel.dircon.co.uk / Results Dorking street score 29 April 2001.htm
101.04.29 21:25 B C:\My Documents\Own Web Pages\Mole Valley new web site\index.htm --> www.svogel.dircon.co.uk / index.htm
101.04.29 21:30 B C:\My Documents\Own Web Pages\Mole Valley new web site\Results Dorking street score 29 April 2001.htm --> www.svogel.dircon.co.uk / Results Dorking street score 29 April 2001.htm
101.05.02 07:37 B C:\My Documents\Own Web Pages\Mole Valley new web site\index.htm --> www.svogel.dircon.co.uk / index.htm
101.05.02 07:37 B C:\My Documents\Own Web Pages\Mole Valley new web site\Results Dorking street score 29 April 2001.htm --> www.svogel.dircon.co.uk / Results Dorking street score 29 April 2001.htm
101.05.07 11:37 B C:\My Documents\Own Web Pages\Mole Valley new web site\index.htm --> www.svogel.dircon.co.uk / index.htm
101.05.07 11:37 B C:\My Documents\Own Web Pages\Mole Valley new web site\Events_Diary.htm --> www.svogel.dircon.co.uk / Events_Diary.htm
101.05.07 11:38 B C:\My Documents\Own Web Pages\Mole Valley new web site\Events_Diary.htm --> www.svogel.dircon.co.uk / Events_Diary.htm
101.05.07 11:40 B C:\My Documents\Own Web Pages\Mole Valley new web site\Events_Diary.htm --> www.svogel.dircon.co.uk / Events_Diary.htm
101.05.07 11:40 B C:\My Documents\Own Web Pages\Mole Valley new web site\index.htm --> www.svogel.dircon.co.uk / index.htm
