100.12.05 11:38 B C:\My Documents\Own Web Pages\Mole Valley new web site\documents\POC order form.doc --> www.svogel.dircon.co.uk /documents POC order form.doc
100.12.05 11:38 B C:\My Documents\Own Web Pages\Mole Valley new web site\documents\Ranmore flier 07 Jan 2001.doc --> www.svogel.dircon.co.uk /documents Ranmore flier 07 Jan 2001.doc
100.12.05 11:38 B C:\My Documents\Own Web Pages\Mole Valley new web site\documents\Sheepleas flier 11 Nov 2000.doc --> www.svogel.dircon.co.uk /documents Sheepleas flier 11 Nov 2000.doc
100.12.05 11:38 B C:\My Documents\Own Web Pages\Mole Valley new web site\documents\Sheepleas results 11 Nov 2000.doc --> www.svogel.dircon.co.uk /documents Sheepleas results 11 Nov 2000.doc
100.12.05 11:38 B C:\My Documents\Own Web Pages\Mole Valley new web site\documents\South Ashdown 17 Dec 2000 Family entry form.txt --> www.svogel.dircon.co.uk /documents South Ashdown 17 Dec 2000 Family entry form.txt
100.12.05 11:38 B C:\My Documents\Own Web Pages\Mole Valley new web site\documents\South Ashdown 17 December 2000 flier.doc --> www.svogel.dircon.co.uk /documents South Ashdown 17 December 2000 flier.doc
101.01.02 17:14 B C:\My Documents\Own Web Pages\Mole Valley new web site\documents\POC order form.doc --> www.svogel.dircon.co.uk /documents POC order form.doc
101.01.02 17:14 B C:\My Documents\Own Web Pages\Mole Valley new web site\documents\Ranmore Common 07 January 2001 final details.doc --> www.svogel.dircon.co.uk /documents Ranmore Common 07 January 2001 final details.doc
101.01.02 17:14 B C:\My Documents\Own Web Pages\Mole Valley new web site\documents\Ranmore flier 07 Jan 2001.doc --> www.svogel.dircon.co.uk /documents Ranmore flier 07 Jan 2001.doc
101.01.02 17:14 B C:\My Documents\Own Web Pages\Mole Valley new web site\documents\Sheepleas flier 11 Nov 2000.doc --> www.svogel.dircon.co.uk /documents Sheepleas flier 11 Nov 2000.doc
101.01.02 17:14 B C:\My Documents\Own Web Pages\Mole Valley new web site\documents\Sheepleas results 11 Nov 2000.doc --> www.svogel.dircon.co.uk /documents Sheepleas results 11 Nov 2000.doc
101.01.02 17:14 B C:\My Documents\Own Web Pages\Mole Valley new web site\documents\South Ashdown 17 Dec 2000 Family entry form.txt --> www.svogel.dircon.co.uk /documents South Ashdown 17 Dec 2000 Family entry form.txt
101.01.02 17:14 B C:\My Documents\Own Web Pages\Mole Valley new web site\documents\South Ashdown 17 December 2000 flier.doc --> www.svogel.dircon.co.uk /documents South Ashdown 17 December 2000 flier.doc
101.01.02 17:14 B C:\My Documents\Own Web Pages\Mole Valley new web site\documents\WS_FTP.LOG --> www.svogel.dircon.co.uk /documents WS_FTP.LOG
101.01.04 09:57 B C:\My Documents\Own Web Pages\Mole Valley new web site\documents\Ranmore Common 07 January 2001 start list.txt --> www.svogel.dircon.co.uk /documents Ranmore Common 07 January 2001 start list.txt
101.01.05 10:42 B C:\My Documents\Own Web Pages\Mole Valley new web site\documents\Ranmore Common 07 January 2001 start list.txt --> www.svogel.dircon.co.uk /documents Ranmore Common 07 January 2001 start list.txt
101.02.17 11:58 B C:\My Documents\Own Web Pages\Mole Valley new web site\documents\POC order form.doc --> www.svogel.dircon.co.uk /documents POC order form.doc
101.02.17 11:58 B C:\My Documents\Own Web Pages\Mole Valley new web site\documents\Ranmore Common 07 January 2001 final details.doc --> www.svogel.dircon.co.uk /documents Ranmore Common 07 January 2001 final details.doc
101.02.17 11:58 B C:\My Documents\Own Web Pages\Mole Valley new web site\documents\Ranmore Common 07 January 2001 start list.txt --> www.svogel.dircon.co.uk /documents Ranmore Common 07 January 2001 start list.txt
101.02.17 11:58 B C:\My Documents\Own Web Pages\Mole Valley new web site\documents\Ranmore flier 07 Jan 2001.doc --> www.svogel.dircon.co.uk /documents Ranmore flier 07 Jan 2001.doc
101.02.17 11:59 B C:\My Documents\Own Web Pages\Mole Valley new web site\documents\Sheepleas flier 11 Nov 2000.doc --> www.svogel.dircon.co.uk /documents Sheepleas flier 11 Nov 2000.doc
101.02.17 11:59 B C:\My Documents\Own Web Pages\Mole Valley new web site\documents\Sheepleas results 11 Nov 2000.doc --> www.svogel.dircon.co.uk /documents Sheepleas results 11 Nov 2000.doc
101.02.17 11:59 B C:\My Documents\Own Web Pages\Mole Valley new web site\documents\South Ashdown 17 Dec 2000 Family entry form.txt --> www.svogel.dircon.co.uk /documents South Ashdown 17 Dec 2000 Family entry form.txt
101.02.17 11:59 B C:\My Documents\Own Web Pages\Mole Valley new web site\documents\South Ashdown 17 December 2000 flier.doc --> www.svogel.dircon.co.uk /documents South Ashdown 17 December 2000 flier.doc
101.02.17 11:59 B C:\My Documents\Own Web Pages\Mole Valley new web site\documents\WS_FTP.LOG --> www.svogel.dircon.co.uk /documents WS_FTP.LOG
101.02.17 12:18 B C:\My Documents\Own Web Pages\Mole Valley new web site\documents\POC order form.doc --> www.svogel.dircon.co.uk /documents POC order form.doc
101.02.17 12:18 B C:\My Documents\Own Web Pages\Mole Valley new web site\documents\Ranmore Common 07 January 2001 final details.doc --> www.svogel.dircon.co.uk /documents Ranmore Common 07 January 2001 final details.doc
101.02.17 12:18 B C:\My Documents\Own Web Pages\Mole Valley new web site\documents\Ranmore Common 07 January 2001 start list.txt --> www.svogel.dircon.co.uk /documents Ranmore Common 07 January 2001 start list.txt
101.02.17 12:18 B C:\My Documents\Own Web Pages\Mole Valley new web site\documents\Ranmore flier 07 Jan 2001.doc --> www.svogel.dircon.co.uk /documents Ranmore flier 07 Jan 2001.doc
101.02.17 12:18 B C:\My Documents\Own Web Pages\Mole Valley new web site\documents\Sheepleas flier 11 Nov 2000.doc --> www.svogel.dircon.co.uk /documents Sheepleas flier 11 Nov 2000.doc
101.02.17 12:19 B C:\My Documents\Own Web Pages\Mole Valley new web site\documents\Sheepleas results 11 Nov 2000.doc --> www.svogel.dircon.co.uk /documents Sheepleas results 11 Nov 2000.doc
101.02.17 12:19 B C:\My Documents\Own Web Pages\Mole Valley new web site\documents\South Ashdown 17 Dec 2000 Family entry form.txt --> www.svogel.dircon.co.uk /documents South Ashdown 17 Dec 2000 Family entry form.txt
101.02.17 12:19 B C:\My Documents\Own Web Pages\Mole Valley new web site\documents\South Ashdown 17 December 2000 flier.doc --> www.svogel.dircon.co.uk /documents South Ashdown 17 December 2000 flier.doc
101.02.17 12:19 B C:\My Documents\Own Web Pages\Mole Valley new web site\documents\WS_FTP.LOG --> www.svogel.dircon.co.uk /documents WS_FTP.LOG
101.02.26 07:54 B C:\My Documents\Own Web Pages\Mole Valley new web site\documents\Wimbledon Common flier SLOW event 11 March 2001.RTF --> www.svogel.dircon.co.uk /documents Wimbledon Common flier SLOW event 11 March 2001.RTF
