101.02.17 11:58 B C:\My Documents\Own Web Pages\Mole Valley new web site\_vti_pvt\botinfs.cnf --> www.svogel.dircon.co.uk /_vti_pvt botinfs.cnf
101.02.17 11:58 B C:\My Documents\Own Web Pages\Mole Valley new web site\_vti_pvt\bots.cnf --> www.svogel.dircon.co.uk /_vti_pvt bots.cnf
101.02.17 11:58 B C:\My Documents\Own Web Pages\Mole Valley new web site\_vti_pvt\deptodoc.btr --> www.svogel.dircon.co.uk /_vti_pvt deptodoc.btr
101.02.17 11:58 B C:\My Documents\Own Web Pages\Mole Valley new web site\_vti_pvt\doctodep.btr --> www.svogel.dircon.co.uk /_vti_pvt doctodep.btr
101.02.17 11:58 B C:\My Documents\Own Web Pages\Mole Valley new web site\_vti_pvt\linkinfo.cnf --> www.svogel.dircon.co.uk /_vti_pvt linkinfo.cnf
101.02.17 11:58 B C:\My Documents\Own Web Pages\Mole Valley new web site\_vti_pvt\service.cnf --> www.svogel.dircon.co.uk /_vti_pvt service.cnf
101.02.17 11:58 B C:\My Documents\Own Web Pages\Mole Valley new web site\_vti_pvt\service.lck --> www.svogel.dircon.co.uk /_vti_pvt service.lck
101.02.17 11:58 B C:\My Documents\Own Web Pages\Mole Valley new web site\_vti_pvt\services.cnf --> www.svogel.dircon.co.uk /_vti_pvt services.cnf
101.02.17 11:58 B C:\My Documents\Own Web Pages\Mole Valley new web site\_vti_pvt\structure.cnf --> www.svogel.dircon.co.uk /_vti_pvt structure.cnf
101.02.17 11:58 B C:\My Documents\Own Web Pages\Mole Valley new web site\_vti_pvt\writeto.cnf --> www.svogel.dircon.co.uk /_vti_pvt writeto.cnf
101.02.17 12:18 B C:\My Documents\Own Web Pages\Mole Valley new web site\_vti_pvt\botinfs.cnf --> www.svogel.dircon.co.uk /_vti_pvt botinfs.cnf
101.02.17 12:18 B C:\My Documents\Own Web Pages\Mole Valley new web site\_vti_pvt\bots.cnf --> www.svogel.dircon.co.uk /_vti_pvt bots.cnf
101.02.17 12:18 B C:\My Documents\Own Web Pages\Mole Valley new web site\_vti_pvt\deptodoc.btr --> www.svogel.dircon.co.uk /_vti_pvt deptodoc.btr
101.02.17 12:18 B C:\My Documents\Own Web Pages\Mole Valley new web site\_vti_pvt\doctodep.btr --> www.svogel.dircon.co.uk /_vti_pvt doctodep.btr
101.02.17 12:18 B C:\My Documents\Own Web Pages\Mole Valley new web site\_vti_pvt\linkinfo.cnf --> www.svogel.dircon.co.uk /_vti_pvt linkinfo.cnf
101.02.17 12:18 B C:\My Documents\Own Web Pages\Mole Valley new web site\_vti_pvt\service.cnf --> www.svogel.dircon.co.uk /_vti_pvt service.cnf
101.02.17 12:18 B C:\My Documents\Own Web Pages\Mole Valley new web site\_vti_pvt\service.lck --> www.svogel.dircon.co.uk /_vti_pvt service.lck
101.02.17 12:18 B C:\My Documents\Own Web Pages\Mole Valley new web site\_vti_pvt\services.cnf --> www.svogel.dircon.co.uk /_vti_pvt services.cnf
101.02.17 12:18 B C:\My Documents\Own Web Pages\Mole Valley new web site\_vti_pvt\structure.cnf --> www.svogel.dircon.co.uk /_vti_pvt structure.cnf
101.02.17 12:18 B C:\My Documents\Own Web Pages\Mole Valley new web site\_vti_pvt\writeto.cnf --> www.svogel.dircon.co.uk /_vti_pvt writeto.cnf
101.02.17 12:18 B C:\My Documents\Own Web Pages\Mole Valley new web site\_vti_pvt\WS_FTP.LOG --> www.svogel.dircon.co.uk /_vti_pvt WS_FTP.LOG
